<?xml version="1.0" encoding="UTF-8"?>
<!-- Generated by org.testng.reporters.JUnitXMLReporter -->
<testsuite ignored="0" hostname="LTIN278760" failures="1" tests="1" name="Test3" time="75.273" errors="0" timestamp="2024-03-12T10:12:15 IST">
  <testcase classname="TestCase.Tc_3HealthInsuranceRunner" name="healthInsurance" time="6.396">
    <failure type="java.lang.AssertionError" message="null">
      <![CDATA[java.lang.AssertionError: null
at TestCase.Tc_3HealthInsuranceRunner.healthInsurance(Tc_3HealthInsuranceRunner.java:35)
at java.base/java.util.ArrayList.forEach(ArrayList.java:1511)
at java.base/java.util.concurrent.FutureTask.run(FutureTask.java:264)
at java.base/java.util.concurrent.ThreadPoolExecutor.runWorker(ThreadPoolExecutor.java:1136)
at java.base/java.util.concurrent.ThreadPoolExecutor$Worker.run(ThreadPoolExecutor.java:635)
at java.base/java.lang.Thread.run(Thread.java:833)
... Removed 19 stack frames]]>
    </failure>
  </testcase> <!-- healthInsurance -->
</testsuite> <!-- Test3 -->
