<?xml version="1.0" encoding="UTF-8"?>
<!-- Generated by org.testng.reporters.JUnitXMLReporter -->
<testsuite ignored="0" hostname="LTIN278760" failures="2" tests="3" name="Test" time="301.382" errors="0" timestamp="2024-03-13T22:10:11 IST">
  <testcase classname="TestCase.Tc_1TravelInsuranceRunner" name="travelInsurance" time="11.203">
    <failure type="java.lang.AssertionError" message="null">
      <![CDATA[java.lang.AssertionError: null
at TestCase.Tc_1TravelInsuranceRunner.travelInsurance(Tc_1TravelInsuranceRunner.java:52)
at java.base/java.util.ArrayList.forEach(ArrayList.java:1511)
... Removed 33 stack frames]]>
    </failure>
  </testcase> <!-- travelInsurance -->
  <testcase classname="TestCase.Tc_2CarInsuranceRunner" name="carInsurance" time="16.182">
    <failure type="java.lang.AssertionError" message="null">
      <![CDATA[java.lang.AssertionError: null
at TestCase.Tc_2CarInsuranceRunner.carInsurance(Tc_2CarInsuranceRunner.java:44)
at java.base/java.util.ArrayList.forEach(ArrayList.java:1511)
... Removed 33 stack frames]]>
    </failure>
  </testcase> <!-- carInsurance -->
  <testcase classname="TestCase.Tc_3HealthInsuranceRunner" name="healthInsurance" time="6.356"/>
</testsuite> <!-- Test -->
